<?xml version="1.0" encoding="UTF-8"?>
<testsuite xmlns:xsi="http://www.w3.org/2001/XMLSchema-instance" xsi:noNamespaceSchemaLocation="https://maven.apache.org/surefire/maven-surefire-plugin/xsd/surefire-test-report-3.0.xsd" version="3.0" name="com.aiplatform.backend.AiPlatformBackendApplicationTests" time="7.66" tests="1" errors="0" skipped="0" failures="0">
  <properties>
[...]
</properties>
  <testcase name="contextLoads" classname="com.aiplatform.backend.AiPlatformBackendApplicationTests" time="1.213">
    <system-out><![CDATA[20:25:06.137 [main] INFO org.springframework.test.context.support.AnnotationConfigContextLoaderUtils -- Could not detect default configuration classes for test class [com.aiplatform.backend.AiPlatformBackendApplicationTests]: AiPlatformBackendApplicationTests does not declare any static, non-private, non-final, nested classes annotated with @Configuration.
20:25:06.316 [main] INFO org.springframework.boot.test.context.SpringBootTestContextBootstrapper -- Found @SpringBootConfiguration com.aiplatform.backend.AiPlatformBackendApplication for test class com.aiplatform.backend.AiPlatformBackendApplicationTests

  .   ____          _            __ _ _
 /\\ / ___'_ __ _ _(_)_ __  __ _ \ \ \ \
( ( )\___ | '_ | '_| | '_ \/ _` | \ \ \ \
 \\/  ___)| |_)| | | | | || (_| |  ) ) ) )
  '  |____| .__|_| |_|_| |_\__, | / / / /
 =========|_|==============|___/=/_/_/_/

 :: Spring Boot ::               (v3.3.13)

2026-03-23T20:25:06.920+08:00  INFO 21260 --- [ai-platform-backend] [           main] c.a.b.AiPlatformBackendApplicationTests  : Starting AiPlatformBackendApplicationTests using Java 17.0.13 with PID 21260 (started by tanghao in C:\Users\76741\Desktop\ai_platform_backend\ai-platform-server)
2026-03-23T20:25:06.921+08:00  INFO 21260 --- [ai-platform-backend] [           main] c.a.b.AiPlatformBackendApplicationTests  : No active profile set, falling back to 1 default profile: "default"
 _ _   |_  _ _|_. ___ _ |    _ 
| | |\/|_)(_| | |_\  |_)||_|_\ 
     /               |         
                        3.5.15 
2026-03-23T20:25:11.695+08:00  INFO 21260 --- [ai-platform-backend] [           main] m.e.s.MybatisPlusApplicationContextAware : Register ApplicationContext instances org.springframework.web.context.support.GenericWebApplicationContext@3a43d133
2026-03-23T20:25:12.326+08:00  INFO 21260 --- [ai-platform-backend] [           main] c.a.b.AiPlatformBackendApplicationTests  : Started AiPlatformBackendApplicationTests in 5.808 seconds (process running for 8.331)
]]></system-out>
  </testcase>
</testsuite>